0 info it worked if it ends with ok
1 verbose cli [ '/usr/bin/nodejs', '/usr/bin/npm', 'install', '-g', 'nodemon' ]
2 info using npm@3.10.10
3 info using node@v7.2.1
4 silly loadCurrentTree Starting
5 silly install loadCurrentTree
6 silly install readGlobalPackageData
7 silly fetchPackageMetaData nodemon
8 silly fetchNamedPackageData nodemon
9 silly mapToRegistry name nodemon
10 silly mapToRegistry using default registry
11 silly mapToRegistry registry https://registry.npmjs.org/
12 silly mapToRegistry data Result {
12 silly mapToRegistry   raw: 'nodemon',
12 silly mapToRegistry   scope: null,
12 silly mapToRegistry   escapedName: 'nodemon',
12 silly mapToRegistry   name: 'nodemon',
12 silly mapToRegistry   rawSpec: '',
12 silly mapToRegistry   spec: 'latest',
12 silly mapToRegistry   type: 'tag' }
13 silly mapToRegistry uri https://registry.npmjs.org/nodemon
14 verbose request uri https://registry.npmjs.org/nodemon
15 verbose request no auth needed
16 info attempt registry request try #1 at 2:35:26 PM
17 verbose request id 42efc74859d88ad8
18 http request GET https://registry.npmjs.org/nodemon
19 http 200 https://registry.npmjs.org/nodemon
20 verbose headers { server: 'nginx/1.10.1',
20 verbose headers   'content-type': 'application/json',
20 verbose headers   'last-modified': 'Fri, 10 Mar 2017 00:34:11 GMT',
20 verbose headers   etag: 'W/"58c1f483-30e69"',
20 verbose headers   'content-encoding': 'gzip',
20 verbose headers   'cache-control': 'max-age=300',
20 verbose headers   'content-length': '20649',
20 verbose headers   'accept-ranges': 'bytes',
20 verbose headers   date: 'Wed, 15 Mar 2017 09:05:27 GMT',
20 verbose headers   via: '1.1 varnish',
20 verbose headers   age: '133',
20 verbose headers   connection: 'keep-alive',
20 verbose headers   'x-served-by': 'cache-lhr6350-LHR',
20 verbose headers   'x-cache': 'HIT',
20 verbose headers   'x-cache-hits': '1',
20 verbose headers   'x-timer': 'S1489568727.288052,VS0,VE0',
20 verbose headers   vary: 'Accept-Encoding' }
21 silly get cb [ 200,
21 silly get   { server: 'nginx/1.10.1',
21 silly get     'content-type': 'application/json',
21 silly get     'last-modified': 'Fri, 10 Mar 2017 00:34:11 GMT',
21 silly get     etag: 'W/"58c1f483-30e69"',
21 silly get     'content-encoding': 'gzip',
21 silly get     'cache-control': 'max-age=300',
21 silly get     'content-length': '20649',
21 silly get     'accept-ranges': 'bytes',
21 silly get     date: 'Wed, 15 Mar 2017 09:05:27 GMT',
21 silly get     via: '1.1 varnish',
21 silly get     age: '133',
21 silly get     connection: 'keep-alive',
21 silly get     'x-served-by': 'cache-lhr6350-LHR',
21 silly get     'x-cache': 'HIT',
21 silly get     'x-cache-hits': '1',
21 silly get     'x-timer': 'S1489568727.288052,VS0,VE0',
21 silly get     vary: 'Accept-Encoding' } ]
22 verbose get saving nodemon to /home/toolika/.npm/registry.npmjs.org/nodemon/.cache.json
23 verbose correctMkdir /home/toolika/.npm correctMkdir not in flight; initializing
24 silly rollbackFailedOptional Starting
25 silly rollbackFailedOptional Finishing
26 silly runTopLevelLifecycles Finishing
27 silly install printInstalled
28 verbose stack Error: EACCES: permission denied, mkdir '/usr/local/lib/npm/lib'
29 verbose cwd /home/toolika/workspace/proj
30 error Linux 4.4.0-64-generic
31 error argv "/usr/bin/nodejs" "/usr/bin/npm" "install" "-g" "nodemon"
32 error node v7.2.1
33 error npm  v3.10.10
34 error path /usr/local/lib/npm/lib
35 error code EACCES
36 error errno -13
37 error syscall mkdir
38 error Error: EACCES: permission denied, mkdir '/usr/local/lib/npm/lib'
38 error  { Error: EACCES: permission denied, mkdir '/usr/local/lib/npm/lib'
38 error   errno: -13,
38 error   code: 'EACCES',
38 error   syscall: 'mkdir',
38 error   path: '/usr/local/lib/npm/lib' }
39 error Please try running this command again as root/Administrator.
40 verbose exit [ -13, true ]
